running egg_info
creating ../../build/remoteid_pubsub/remoteid_pubsub.egg-info
writing ../../build/remoteid_pubsub/remoteid_pubsub.egg-info/PKG-INFO
writing dependency_links to ../../build/remoteid_pubsub/remoteid_pubsub.egg-info/dependency_links.txt
writing entry points to ../../build/remoteid_pubsub/remoteid_pubsub.egg-info/entry_points.txt
writing requirements to ../../build/remoteid_pubsub/remoteid_pubsub.egg-info/requires.txt
writing top-level names to ../../build/remoteid_pubsub/remoteid_pubsub.egg-info/top_level.txt
writing manifest file '../../build/remoteid_pubsub/remoteid_pubsub.egg-info/SOURCES.txt'
reading manifest file '../../build/remoteid_pubsub/remoteid_pubsub.egg-info/SOURCES.txt'
writing manifest file '../../build/remoteid_pubsub/remoteid_pubsub.egg-info/SOURCES.txt'
running build
running build_py
creating /app/ros2_ws/build/remoteid_pubsub/build
creating /app/ros2_ws/build/remoteid_pubsub/build/lib
creating /app/ros2_ws/build/remoteid_pubsub/build/lib/remoteid_pubsub
copying remoteid_pubsub/__init__.py -> /app/ros2_ws/build/remoteid_pubsub/build/lib/remoteid_pubsub
copying remoteid_pubsub/subscriber_member_function.py -> /app/ros2_ws/build/remoteid_pubsub/build/lib/remoteid_pubsub
copying remoteid_pubsub/publisher_member_function.py -> /app/ros2_ws/build/remoteid_pubsub/build/lib/remoteid_pubsub
running install
running install_lib
creating /app/ros2_ws/install/remoteid_pubsub/lib/python3.10/site-packages/remoteid_pubsub
copying /app/ros2_ws/build/remoteid_pubsub/build/lib/remoteid_pubsub/__init__.py -> /app/ros2_ws/install/remoteid_pubsub/lib/python3.10/site-packages/remoteid_pubsub
copying /app/ros2_ws/build/remoteid_pubsub/build/lib/remoteid_pubsub/subscriber_member_function.py -> /app/ros2_ws/install/remoteid_pubsub/lib/python3.10/site-packages/remoteid_pubsub
copying /app/ros2_ws/build/remoteid_pubsub/build/lib/remoteid_pubsub/publisher_member_function.py -> /app/ros2_ws/install/remoteid_pubsub/lib/python3.10/site-packages/remoteid_pubsub
byte-compiling /app/ros2_ws/install/remoteid_pubsub/lib/python3.10/site-packages/remoteid_pubsub/__init__.py to __init__.cpython-310.pyc
byte-compiling /app/ros2_ws/install/remoteid_pubsub/lib/python3.10/site-packages/remoteid_pubsub/subscriber_member_function.py to subscriber_member_function.cpython-310.pyc
byte-compiling /app/ros2_ws/install/remoteid_pubsub/lib/python3.10/site-packages/remoteid_pubsub/publisher_member_function.py to publisher_member_function.cpython-310.pyc
running install_data
creating /app/ros2_ws/install/remoteid_pubsub/share/ament_index
creating /app/ros2_ws/install/remoteid_pubsub/share/ament_index/resource_index
creating /app/ros2_ws/install/remoteid_pubsub/share/ament_index/resource_index/packages
copying resource/remoteid_pubsub -> /app/ros2_ws/install/remoteid_pubsub/share/ament_index/resource_index/packages
copying package.xml -> /app/ros2_ws/install/remoteid_pubsub/share/remoteid_pubsub
running install_egg_info
Copying ../../build/remoteid_pubsub/remoteid_pubsub.egg-info to /app/ros2_ws/install/remoteid_pubsub/lib/python3.10/site-packages/remoteid_pubsub-0.0.0-py3.10.egg-info
running install_scripts
Installing listener script to /app/ros2_ws/install/remoteid_pubsub/lib/remoteid_pubsub
Installing talker script to /app/ros2_ws/install/remoteid_pubsub/lib/remoteid_pubsub
writing list of installed files to '/app/ros2_ws/build/remoteid_pubsub/install.log'
