[0.338s] Invoking command in '/app/ros2_ws/src/remoteid_pubsub': PYTHONPATH=/app/ros2_ws/build/remoteid_pubsub/prefix_override:/app/ros2_ws/install/remoteid_pubsub/lib/python3.10/site-packages:${PYTHONPATH} /usr/bin/python3 setup.py egg_info --egg-base ../../build/remoteid_pubsub build --build-base /app/ros2_ws/build/remoteid_pubsub/build install --record /app/ros2_ws/build/remoteid_pubsub/install.log --single-version-externally-managed
[0.458s] running egg_info
[0.458s] creating ../../build/remoteid_pubsub/remoteid_pubsub.egg-info
[0.458s] writing ../../build/remoteid_pubsub/remoteid_pubsub.egg-info/PKG-INFO
[0.459s] writing dependency_links to ../../build/remoteid_pubsub/remoteid_pubsub.egg-info/dependency_links.txt
[0.459s] writing entry points to ../../build/remoteid_pubsub/remoteid_pubsub.egg-info/entry_points.txt
[0.459s] writing requirements to ../../build/remoteid_pubsub/remoteid_pubsub.egg-info/requires.txt
[0.459s] writing top-level names to ../../build/remoteid_pubsub/remoteid_pubsub.egg-info/top_level.txt
[0.459s] writing manifest file '../../build/remoteid_pubsub/remoteid_pubsub.egg-info/SOURCES.txt'
[0.461s] reading manifest file '../../build/remoteid_pubsub/remoteid_pubsub.egg-info/SOURCES.txt'
[0.461s] writing manifest file '../../build/remoteid_pubsub/remoteid_pubsub.egg-info/SOURCES.txt'
[0.462s] running build
[0.462s] running build_py
[0.462s] creating /app/ros2_ws/build/remoteid_pubsub/build
[0.462s] creating /app/ros2_ws/build/remoteid_pubsub/build/lib
[0.462s] creating /app/ros2_ws/build/remoteid_pubsub/build/lib/remoteid_pubsub
[0.462s] copying remoteid_pubsub/__init__.py -> /app/ros2_ws/build/remoteid_pubsub/build/lib/remoteid_pubsub
[0.462s] copying remoteid_pubsub/subscriber_member_function.py -> /app/ros2_ws/build/remoteid_pubsub/build/lib/remoteid_pubsub
[0.463s] copying remoteid_pubsub/publisher_member_function.py -> /app/ros2_ws/build/remoteid_pubsub/build/lib/remoteid_pubsub
[0.463s] running install
[0.464s] running install_lib
[0.464s] creating /app/ros2_ws/install/remoteid_pubsub/lib/python3.10/site-packages/remoteid_pubsub
[0.464s] copying /app/ros2_ws/build/remoteid_pubsub/build/lib/remoteid_pubsub/__init__.py -> /app/ros2_ws/install/remoteid_pubsub/lib/python3.10/site-packages/remoteid_pubsub
[0.465s] copying /app/ros2_ws/build/remoteid_pubsub/build/lib/remoteid_pubsub/subscriber_member_function.py -> /app/ros2_ws/install/remoteid_pubsub/lib/python3.10/site-packages/remoteid_pubsub
[0.465s] copying /app/ros2_ws/build/remoteid_pubsub/build/lib/remoteid_pubsub/publisher_member_function.py -> /app/ros2_ws/install/remoteid_pubsub/lib/python3.10/site-packages/remoteid_pubsub
[0.466s] byte-compiling /app/ros2_ws/install/remoteid_pubsub/lib/python3.10/site-packages/remoteid_pubsub/__init__.py to __init__.cpython-310.pyc
[0.466s] byte-compiling /app/ros2_ws/install/remoteid_pubsub/lib/python3.10/site-packages/remoteid_pubsub/subscriber_member_function.py to subscriber_member_function.cpython-310.pyc
[0.467s] byte-compiling /app/ros2_ws/install/remoteid_pubsub/lib/python3.10/site-packages/remoteid_pubsub/publisher_member_function.py to publisher_member_function.cpython-310.pyc
[0.467s] running install_data
[0.468s] creating /app/ros2_ws/install/remoteid_pubsub/share/ament_index
[0.468s] creating /app/ros2_ws/install/remoteid_pubsub/share/ament_index/resource_index
[0.468s] creating /app/ros2_ws/install/remoteid_pubsub/share/ament_index/resource_index/packages
[0.468s] copying resource/remoteid_pubsub -> /app/ros2_ws/install/remoteid_pubsub/share/ament_index/resource_index/packages
[0.468s] copying package.xml -> /app/ros2_ws/install/remoteid_pubsub/share/remoteid_pubsub
[0.469s] running install_egg_info
[0.470s] Copying ../../build/remoteid_pubsub/remoteid_pubsub.egg-info to /app/ros2_ws/install/remoteid_pubsub/lib/python3.10/site-packages/remoteid_pubsub-0.0.0-py3.10.egg-info
[0.473s] running install_scripts
[0.485s] Installing listener script to /app/ros2_ws/install/remoteid_pubsub/lib/remoteid_pubsub
[0.485s] Installing talker script to /app/ros2_ws/install/remoteid_pubsub/lib/remoteid_pubsub
[0.485s] writing list of installed files to '/app/ros2_ws/build/remoteid_pubsub/install.log'
[0.500s] Invoked command in '/app/ros2_ws/src/remoteid_pubsub' returned '0': PYTHONPATH=/app/ros2_ws/build/remoteid_pubsub/prefix_override:/app/ros2_ws/install/remoteid_pubsub/lib/python3.10/site-packages:${PYTHONPATH} /usr/bin/python3 setup.py egg_info --egg-base ../../build/remoteid_pubsub build --build-base /app/ros2_ws/build/remoteid_pubsub/build install --record /app/ros2_ws/build/remoteid_pubsub/install.log --single-version-externally-managed
