running egg_info
writing ../../build/remoteid_pubsub/remoteid_pubsub.egg-info/PKG-INFO
writing dependency_links to ../../build/remoteid_pubsub/remoteid_pubsub.egg-info/dependency_links.txt
writing entry points to ../../build/remoteid_pubsub/remoteid_pubsub.egg-info/entry_points.txt
writing requirements to ../../build/remoteid_pubsub/remoteid_pubsub.egg-info/requires.txt
writing top-level names to ../../build/remoteid_pubsub/remoteid_pubsub.egg-info/top_level.txt
reading manifest file '../../build/remoteid_pubsub/remoteid_pubsub.egg-info/SOURCES.txt'
writing manifest file '../../build/remoteid_pubsub/remoteid_pubsub.egg-info/SOURCES.txt'
running build
running build_py
running install
running install_lib
running install_data
running install_egg_info
removing '/app/ros2_ws/install/remoteid_pubsub/lib/python3.10/site-packages/remoteid_pubsub-0.0.0-py3.10.egg-info' (and everything under it)
Copying ../../build/remoteid_pubsub/remoteid_pubsub.egg-info to /app/ros2_ws/install/remoteid_pubsub/lib/python3.10/site-packages/remoteid_pubsub-0.0.0-py3.10.egg-info
running install_scripts
Installing listener script to /app/ros2_ws/install/remoteid_pubsub/lib/remoteid_pubsub
Installing talker script to /app/ros2_ws/install/remoteid_pubsub/lib/remoteid_pubsub
writing list of installed files to '/app/ros2_ws/build/remoteid_pubsub/install.log'
